2024-12-31 23:53:29,511 - INFO - Models not found. Starting training phase.
2024-12-31 23:53:29,512 - INFO - Train set not found. Preparing train data.
2024-12-31 23:53:33,987 - ERROR - ValueError: Error tokenizing data. C error: Calling read(nbytes) on source failed. Try engine='python'.
2024-12-31 23:53:56,300 - INFO - Models not found. Starting training phase.
2024-12-31 23:53:56,300 - INFO - Train set not found. Preparing train data.
2024-12-31 23:56:16,994 - INFO - Train set prepared and saved.
2024-12-31 23:56:16,994 - INFO - Starting training process.
2024-12-31 23:56:17,140 - INFO - SVM pipeline trained.
2024-12-31 23:56:17,141 - INFO - KNN pipeline trained.
2024-12-31 23:56:17,141 - INFO - Logistic Regression pipeline trained.
2024-12-31 23:56:17,157 - INFO - All models have been saved successfully.
2024-12-31 23:56:17,157 - INFO - Training phase completed successfully.
2024-12-31 23:56:43,750 - INFO - Loading trained models.
2024-12-31 23:56:43,773 - INFO - Models loaded successfully.
2024-12-31 23:56:43,773 - INFO - Test set not found. Preparing test data.
2024-12-31 23:56:57,623 - INFO - Test set prepared and saved.
2024-12-31 23:56:57,679 - INFO - Testing phase completed successfully.
2025-01-01 00:02:31,446 - INFO - Starting training process...
2025-01-01 00:02:31,463 - INFO - Loaded existing training set from train_set.joblib.
2025-01-01 00:02:31,596 - INFO - SVM pipeline trained.
2025-01-01 00:02:31,596 - INFO - KNN pipeline trained.
2025-01-01 00:02:31,613 - INFO - Logistic Regression pipeline trained.
2025-01-01 00:02:31,613 - INFO - Trained models saved: svm_pipeline.joblib, knn_pipeline.joblib, logreg_pipeline.joblib
2025-01-01 00:02:48,012 - INFO - Starting testing phase...
2025-01-01 00:02:48,053 - INFO - Loaded existing test set from test_set.joblib.
2025-01-01 00:03:33,575 - INFO - Starting training process...
2025-01-01 00:03:33,575 - INFO - Loaded existing training set from train_set.joblib.
2025-01-01 00:03:33,725 - INFO - SVM pipeline trained.
2025-01-01 00:03:33,725 - INFO - KNN pipeline trained.
2025-01-01 00:03:33,725 - INFO - Logistic Regression pipeline trained.
2025-01-01 00:03:33,741 - INFO - Trained models saved: svm_pipeline.joblib, knn_pipeline.joblib, logreg_pipeline.joblib
2025-01-01 00:03:33,741 - INFO - Starting testing phase...
2025-01-01 00:03:33,768 - INFO - Loaded existing test set from test_set.joblib.
2025-01-01 00:04:13,397 - INFO - Starting training process...
2025-01-01 00:04:13,397 - INFO - Loaded existing training set from train_set.joblib.
2025-01-01 00:04:13,452 - INFO - SVM pipeline trained.
2025-01-01 00:04:13,452 - INFO - KNN pipeline trained.
2025-01-01 00:04:13,465 - INFO - Logistic Regression pipeline trained.
2025-01-01 00:04:13,465 - INFO - Trained models saved: svm_pipeline.joblib, knn_pipeline.joblib, logreg_pipeline.joblib
2025-01-01 00:04:13,465 - INFO - Starting testing phase...
2025-01-01 00:04:13,503 - INFO - Loaded existing test set from test_set.joblib.
2025-01-01 00:26:10,476 - INFO - Starting training process...
2025-01-01 00:26:10,477 - INFO - Loaded existing training set from train_set.joblib.
2025-01-01 00:26:10,528 - INFO - SVM pipeline trained.
2025-01-01 00:26:10,528 - INFO - KNN pipeline trained.
2025-01-01 00:26:10,528 - INFO - Logistic Regression pipeline trained.
2025-01-01 00:26:10,540 - INFO - Trained models saved: svm_pipeline.joblib, knn_pipeline.joblib, logreg_pipeline.joblib
2025-01-01 00:26:10,541 - INFO - Starting testing phase...
2025-01-01 00:26:10,567 - INFO - Loaded existing test set from test_set.joblib.
2025-01-01 04:24:34,688 - INFO - Starting training process...
2025-01-01 04:24:34,688 - INFO - train_set.joblib not found. Preparing training data.
2025-01-01 04:26:48,154 - INFO - Training set prepared and saved to train_set.joblib.
2025-01-01 04:26:48,187 - INFO - SVM pipeline trained.
2025-01-01 04:26:48,187 - INFO - KNN pipeline trained.
2025-01-01 04:26:48,187 - INFO - Logistic Regression pipeline trained.
2025-01-01 04:26:48,206 - INFO - Trained models saved: svm_pipeline.joblib, knn_pipeline.joblib, logreg_pipeline.joblib
2025-01-01 04:26:48,207 - INFO - Starting testing phase...
2025-01-01 04:26:48,236 - INFO - test_set.joblib not found. Preparing test data.
2025-01-01 04:27:03,707 - INFO - Test set prepared and saved to test_set.joblib.
2025-01-01 04:33:11,266 - INFO - Starting training process...
2025-01-01 04:33:11,283 - INFO - Loaded existing training set from train_set.joblib.
2025-01-01 04:33:11,305 - INFO - SVM pipeline trained.
2025-01-01 04:33:11,305 - INFO - KNN pipeline trained.
2025-01-01 04:33:11,305 - INFO - Logistic Regression pipeline trained.
2025-01-01 04:33:11,305 - INFO - Trained models saved: svm_pipeline.joblib, knn_pipeline.joblib, logreg_pipeline.joblib
2025-01-01 04:33:11,305 - INFO - Starting testing phase...
2025-01-01 04:33:11,354 - INFO - Loaded existing test set from test_set.joblib.
2025-01-01 04:33:46,985 - INFO - Starting training process...
2025-01-01 04:33:46,985 - INFO - Loaded existing training set from train_set.joblib.
2025-01-01 04:33:47,035 - INFO - SVM pipeline trained.
2025-01-01 04:33:47,037 - INFO - KNN pipeline trained.
2025-01-01 04:33:47,037 - INFO - Logistic Regression pipeline trained.
2025-01-01 04:33:47,037 - INFO - Trained models saved: svm_pipeline.joblib, knn_pipeline.joblib, logreg_pipeline.joblib
2025-01-01 04:33:47,037 - INFO - Starting testing phase...
2025-01-01 04:33:47,070 - INFO - Loaded existing test set from test_set.joblib.
2025-01-01 04:34:28,760 - INFO - Starting training process...
2025-01-01 04:34:28,760 - INFO - Loaded existing training set from train_set.joblib.
2025-01-01 04:34:28,810 - INFO - SVM pipeline trained.
2025-01-01 04:34:28,810 - INFO - KNN pipeline trained.
2025-01-01 04:34:28,810 - INFO - Logistic Regression pipeline trained.
2025-01-01 04:34:28,827 - INFO - Trained models saved: svm_pipeline.joblib, knn_pipeline.joblib, logreg_pipeline.joblib
2025-01-01 04:34:28,827 - INFO - Starting testing phase...
2025-01-01 04:34:28,844 - INFO - Loaded existing test set from test_set.joblib.
2025-01-01 04:34:40,121 - INFO - Starting training process...
2025-01-01 04:34:40,121 - INFO - Loaded existing training set from train_set.joblib.
2025-01-01 04:34:40,173 - INFO - SVM pipeline trained.
2025-01-01 04:34:40,175 - INFO - KNN pipeline trained.
2025-01-01 04:34:40,175 - INFO - Logistic Regression pipeline trained.
2025-01-01 04:34:40,175 - INFO - Trained models saved: svm_pipeline.joblib, knn_pipeline.joblib, logreg_pipeline.joblib
2025-01-01 04:34:40,175 - INFO - Starting testing phase...
2025-01-01 04:34:40,207 - INFO - Loaded existing test set from test_set.joblib.
2025-01-01 04:35:07,265 - INFO - Starting training process...
2025-01-01 04:35:07,265 - INFO - Loaded existing training set from train_set.joblib.
2025-01-01 04:35:07,322 - INFO - SVM pipeline trained.
2025-01-01 04:35:07,322 - INFO - KNN pipeline trained.
2025-01-01 04:35:07,334 - INFO - Logistic Regression pipeline trained.
2025-01-01 04:35:07,339 - INFO - Trained models saved: svm_pipeline.joblib, knn_pipeline.joblib, logreg_pipeline.joblib
2025-01-01 04:35:07,339 - INFO - Starting testing phase...
2025-01-01 04:35:07,366 - INFO - Loaded existing test set from test_set.joblib.
2025-01-02 01:55:23,913 - INFO - Starting testing phase...
2025-01-02 01:55:23,930 - INFO - Loaded existing test set from test_set.joblib.
2025-01-02 01:56:24,236 - INFO - Starting testing phase...
2025-01-02 01:56:24,236 - INFO - test_set.joblib not found. Preparing test data.
2025-01-02 01:56:37,690 - INFO - Test set prepared and saved to test_set.joblib.
2025-01-02 01:57:05,026 - INFO - Starting training process...
2025-01-02 01:57:05,026 - INFO - Loaded existing training set from train_set.joblib.
2025-01-02 01:57:05,067 - INFO - SVM pipeline trained.
2025-01-02 01:57:05,067 - INFO - KNN pipeline trained.
2025-01-02 01:57:05,067 - INFO - Logistic Regression pipeline trained.
2025-01-02 01:57:05,078 - INFO - Trained models saved: svm_pipeline.joblib, knn_pipeline.joblib, logreg_pipeline.joblib
2025-01-02 01:57:05,079 - INFO - Starting testing phase...
2025-01-02 01:57:05,100 - INFO - Loaded existing test set from test_set.joblib.
2025-01-02 02:02:25,729 - INFO - Starting training process...
2025-01-02 02:02:25,729 - INFO - Loaded existing training set from train_set.joblib.
2025-01-02 02:02:25,846 - INFO - SVM pipeline trained.
2025-01-02 02:02:25,849 - INFO - KNN pipeline trained.
2025-01-02 02:02:25,854 - INFO - Logistic Regression pipeline trained.
2025-01-02 02:02:25,861 - INFO - Trained models saved: svm_pipeline.joblib, knn_pipeline.joblib, logreg_pipeline.joblib
2025-01-02 02:02:25,862 - INFO - Starting testing phase...
2025-01-02 02:02:25,885 - INFO - Loaded existing test set from test_set.joblib.
2025-01-02 02:02:49,786 - INFO - Starting training process...
2025-01-02 02:02:49,802 - INFO - Loaded existing training set from train_set.joblib.
2025-01-02 02:02:49,836 - INFO - SVM pipeline trained.
2025-01-02 02:02:49,838 - INFO - KNN pipeline trained.
2025-01-02 02:02:49,842 - INFO - Logistic Regression pipeline trained.
2025-01-02 02:02:49,843 - INFO - Trained models saved: svm_pipeline.joblib, knn_pipeline.joblib, logreg_pipeline.joblib
2025-01-02 02:02:49,843 - INFO - Starting testing phase...
2025-01-02 02:02:49,873 - INFO - Loaded existing test set from test_set.joblib.
2025-01-02 02:03:26,456 - INFO - Starting training process...
2025-01-02 02:03:26,456 - INFO - Loaded existing training set from train_set.joblib.
2025-01-02 02:03:26,475 - INFO - SVM pipeline trained.
2025-01-02 02:03:26,476 - INFO - KNN pipeline trained.
2025-01-02 02:03:26,479 - INFO - Logistic Regression pipeline trained.
2025-01-02 02:03:26,479 - INFO - Trained models saved: svm_pipeline.joblib, knn_pipeline.joblib, logreg_pipeline.joblib
2025-01-02 02:03:26,479 - INFO - Starting testing phase...
2025-01-02 02:03:26,501 - INFO - Loaded existing test set from test_set.joblib.
2025-01-02 02:03:59,121 - INFO - Starting training process...
2025-01-02 02:03:59,121 - INFO - Loaded existing training set from train_set.joblib.
2025-01-02 02:03:59,155 - INFO - SVM pipeline trained.
2025-01-02 02:03:59,155 - INFO - KNN pipeline trained.
2025-01-02 02:03:59,155 - INFO - Logistic Regression pipeline trained.
2025-01-02 02:03:59,174 - INFO - Trained models saved: svm_pipeline.joblib, knn_pipeline.joblib, logreg_pipeline.joblib
2025-01-02 02:03:59,175 - INFO - Starting testing phase...
2025-01-02 02:03:59,195 - INFO - Loaded existing test set from test_set.joblib.
2025-01-02 02:17:47,645 - INFO - Starting training process...
2025-01-02 02:17:47,645 - INFO - Loaded existing training set from train_set.joblib.
2025-01-02 02:17:47,686 - INFO - SVM pipeline trained.
2025-01-02 02:17:47,686 - INFO - KNN pipeline trained.
2025-01-02 02:17:47,700 - INFO - Logistic Regression pipeline trained.
2025-01-02 02:17:47,700 - INFO - Trained models saved: svm_pipeline.joblib, knn_pipeline.joblib, logreg_pipeline.joblib
2025-01-02 02:17:47,700 - INFO - Starting testing phase...
2025-01-02 02:17:47,719 - INFO - Loaded existing test set from test_set.joblib.
2025-01-02 02:18:09,684 - INFO - Starting training process...
2025-01-02 02:18:09,684 - INFO - train_set.joblib not found. Preparing training data.
2025-01-02 02:20:42,289 - INFO - Training set prepared and saved to train_set.joblib.
2025-01-02 02:20:42,326 - INFO - SVM pipeline trained.
2025-01-02 02:20:42,336 - INFO - KNN pipeline trained.
2025-01-02 02:20:42,342 - INFO - Logistic Regression pipeline trained.
2025-01-02 02:20:42,352 - INFO - Trained models saved: svm_pipeline.joblib, knn_pipeline.joblib, logreg_pipeline.joblib
2025-01-02 02:20:42,353 - INFO - Starting testing phase...
2025-01-02 02:20:42,375 - INFO - test_set.joblib not found. Preparing test data.
2025-01-02 02:20:56,934 - INFO - Test set prepared and saved to test_set.joblib.
2025-01-02 02:35:53,775 - INFO - Starting training process...
2025-01-02 02:35:53,775 - INFO - train_set.joblib not found. Preparing training data.
2025-01-02 02:38:11,263 - INFO - Training set prepared and saved to train_set.joblib.
2025-01-02 02:38:11,299 - INFO - SVM pipeline trained.
2025-01-02 02:38:11,302 - INFO - KNN pipeline trained.
2025-01-02 02:38:11,313 - INFO - Logistic Regression pipeline trained.
2025-01-02 02:38:11,315 - INFO - Trained models saved: svm_pipeline.joblib, knn_pipeline.joblib, logreg_pipeline.joblib
2025-01-02 02:38:11,315 - INFO - Starting testing phase...
2025-01-02 02:38:11,347 - INFO - test_set.joblib not found. Preparing test data.
2025-01-02 02:38:25,026 - INFO - Test set prepared and saved to test_set.joblib.
2025-01-02 02:40:12,708 - INFO - Starting training process...
2025-01-02 02:40:12,717 - INFO - Loaded existing training set from train_set.joblib.
2025-01-02 02:40:12,750 - INFO - SVM pipeline trained.
2025-01-02 02:40:12,751 - INFO - KNN pipeline trained.
2025-01-02 02:40:12,754 - INFO - Logistic Regression pipeline trained.
2025-01-02 02:40:12,759 - INFO - Trained models saved: svm_pipeline.joblib, knn_pipeline.joblib, logreg_pipeline.joblib
2025-01-02 02:40:12,759 - INFO - Starting testing phase...
2025-01-02 02:40:12,774 - INFO - Loaded existing test set from test_set.joblib.
2025-01-02 02:41:47,844 - INFO - Starting training process...
2025-01-02 02:41:47,844 - INFO - train_set.joblib not found. Preparing training data.
2025-01-02 02:55:59,775 - INFO - Starting training process...
2025-01-02 02:55:59,775 - INFO - train_set.joblib not found. Preparing training data.
2025-01-02 03:05:26,407 - INFO - Starting training process...
2025-01-02 03:05:26,407 - INFO - train_set.joblib not found. Preparing training data.
2025-01-02 03:07:40,570 - INFO - Training set prepared and saved to train_set.joblib.
2025-01-02 03:07:40,754 - INFO - SVM pipeline trained.
2025-01-02 03:07:40,754 - INFO - KNN pipeline trained.
2025-01-02 03:07:40,771 - INFO - Logistic Regression pipeline trained.
2025-01-02 03:07:40,771 - INFO - Trained models saved: svm_pipeline.joblib, knn_pipeline.joblib, logreg_pipeline.joblib
2025-01-02 03:07:40,771 - INFO - Starting testing phase...
2025-01-02 03:07:40,805 - INFO - test_set.joblib not found. Preparing test data.
2025-01-02 03:07:54,618 - INFO - Test set prepared and saved to test_set.joblib.
2025-01-02 03:50:25,088 - INFO - Starting training process...
2025-01-02 03:50:25,098 - INFO - Loaded existing training set from train_set.joblib.
2025-01-02 03:50:25,287 - INFO - SVM pipeline trained.
2025-01-02 03:50:25,287 - INFO - KNN pipeline trained.
2025-01-02 03:50:25,301 - INFO - Logistic Regression pipeline trained.
2025-01-02 03:50:25,304 - INFO - Trained models saved: svm_pipeline.joblib, knn_pipeline.joblib, logreg_pipeline.joblib
2025-01-02 03:50:25,304 - INFO - Starting testing phase...
2025-01-02 03:50:25,345 - INFO - Loaded existing test set from test_set.joblib.
2025-01-02 13:08:10,707 - INFO - Starting training process...
2025-01-02 13:08:10,707 - INFO - train_set_vib.joblib not found. Preparing training data.
2025-01-02 13:10:40,228 - INFO - Training set prepared and saved to train_set_vib.joblib.
2025-01-02 13:10:40,262 - INFO - SVM pipeline trained.
2025-01-02 13:10:40,262 - INFO - KNN pipeline trained.
2025-01-02 13:10:40,274 - INFO - Logistic Regression pipeline trained.
2025-01-02 13:10:40,274 - INFO - Trained models saved: svm_pipeline.joblib, knn_pipeline.joblib, logreg_pipeline.joblib
2025-01-02 13:10:40,274 - INFO - Starting testing phase...
2025-01-02 13:10:40,307 - INFO - test_set_vib.joblib not found. Preparing test data.
2025-01-02 13:10:55,403 - INFO - Test set prepared and saved to test_set_vib.joblib.
2025-01-02 13:14:43,030 - INFO - Starting training process...
2025-01-02 13:14:43,030 - INFO - train_set_amp.joblib not found. Preparing training data.
2025-01-02 13:15:02,448 - INFO - Starting training process...
2025-01-02 13:15:02,448 - INFO - train_set_amp.joblib not found. Preparing training data.
2025-01-02 13:17:07,811 - INFO - Training set prepared and saved to train_set_amp.joblib.
2025-01-02 13:17:07,860 - INFO - SVM pipeline trained.
2025-01-02 13:17:07,860 - INFO - KNN pipeline trained.
2025-01-02 13:17:07,860 - INFO - Logistic Regression pipeline trained.
2025-01-02 13:17:07,874 - INFO - Trained models saved: svm_pipeline.joblib, knn_pipeline.joblib, logreg_pipeline.joblib
2025-01-02 13:17:07,875 - INFO - Starting testing phase...
2025-01-02 13:17:07,911 - INFO - test_set_amp.joblib not found. Preparing test data.
2025-01-02 13:17:21,773 - INFO - Test set prepared and saved to test_set_amp.joblib.
2025-01-02 13:48:51,625 - INFO - Starting training process...
2025-01-02 13:48:51,625 - INFO - train_set.joblib not found. Preparing training data.
2025-01-02 13:50:56,657 - INFO - Training set prepared and saved to train_set.joblib.
2025-01-02 13:50:56,708 - INFO - SVM pipeline trained.
2025-01-02 13:50:56,708 - INFO - KNN pipeline trained.
2025-01-02 13:50:56,708 - INFO - Logistic Regression pipeline trained.
2025-01-02 13:50:56,724 - INFO - Trained models saved: svm_pipeline.joblib, knn_pipeline.joblib, logreg_pipeline.joblib
2025-01-02 13:50:56,724 - INFO - Starting testing phase...
2025-01-02 13:50:56,742 - INFO - test_set.joblib not found. Preparing test data.
2025-01-02 13:51:10,320 - INFO - Test set prepared and saved to test_set.joblib.
2025-01-07 21:53:39,520 - INFO - Starting training process...
2025-01-07 21:53:39,530 - INFO - Loaded existing training set from train_set.joblib.
2025-01-07 21:53:39,582 - INFO - SVM pipeline trained.
2025-01-07 21:53:39,585 - INFO - KNN pipeline trained.
2025-01-07 21:53:39,591 - INFO - Logistic Regression pipeline trained.
2025-01-07 21:53:39,597 - INFO - Trained models saved: svm_pipeline.joblib, knn_pipeline.joblib, logreg_pipeline.joblib
2025-01-07 21:53:39,597 - INFO - Starting testing phase...
2025-01-07 21:53:39,633 - INFO - Loaded existing test set from test_set.joblib.
